<?xml version="1.0" encoding="UTF-8"?>
<!-- Generated by org.testng.reporters.JUnitReportReporter -->
<testsuite hostname="DESKTOP-O4TT44T" failures="0" tests="2" name="tests.LoginTest" time="56.263" errors="0" timestamp="2025-09-07T20:42:07 IST" skipped="0">
  <testcase classname="tests.LoginTest" name="registerLogoutLoginTest" time="8.831"/>
  <testcase classname="tests.LoginTest" name="loginWithWrongCredentialsTest" time="47.432"/>
</testsuite> <!-- tests.LoginTest -->
