<?xml version="1.0" encoding="UTF-8"?>
<!-- Generated by org.testng.reporters.JUnitReportReporter -->
<testsuite hostname="DESKTOP-O4TT44T" failures="0" tests="2" name="runners.LoginRunner" time="233.787" errors="0" timestamp="2025-09-07T21:09:05 IST" skipped="0">
  <testcase classname="runners.LoginRunner" name="runScenario" time="158.572"/>
  <testcase classname="runners.LoginRunner" name="runScenario" time="75.215"/>
</testsuite> <!-- runners.LoginRunner -->
