<?xml version="1.0" encoding="UTF-8"?>
<!-- Generated by org.testng.reporters.JUnitReportReporter -->
<testsuite hostname="DESKTOP-O4TT44T" failures="0" tests="2" name="tests.LoginTest" time="183.304" errors="0" timestamp="2025-09-09T14:57:01 IST" skipped="0">
  <testcase classname="tests.LoginTest" name="loginWithWrongCredentialsTest" time="6.214"/>
  <testcase classname="tests.LoginTest" name="registerLogoutLoginTest" time="177.090"/>
</testsuite> <!-- tests.LoginTest -->
