<?xml version="1.0" encoding="UTF-8"?>
<!-- Generated by org.testng.reporters.JUnitReportReporter -->
<testsuite hostname="DESKTOP-O4TT44T" failures="0" tests="4" name="tests.ProductTest" time="29.769" errors="0" timestamp="2025-09-07T18:41:36 IST" skipped="0">
  <testcase classname="tests.ProductTest" name="navigateCategoryTest" time="3.229"/>
  <testcase classname="tests.ProductTest" name="compareTwoProductsTest" time="15.196"/>
  <testcase classname="tests.ProductTest" name="sortByPriceTest" time="6.326"/>
  <testcase classname="tests.ProductTest" name="searchProductTest" time="5.018"/>
</testsuite> <!-- tests.ProductTest -->
