<?xml version="1.0" encoding="UTF-8"?>
<!-- Generated by org.testng.reporters.JUnitReportReporter -->
<testsuite hostname="DESKTOP-O4TT44T" failures="0" tests="2" name="tests.CheckoutTest" time="228.191" errors="0" timestamp="2025-09-07T23:27:56 IST" skipped="0">
  <testcase classname="tests.CheckoutTest" name="checkoutAsGuestWithCreditCard" time="104.458"/>
  <testcase classname="tests.CheckoutTest" name="downloadInvoiceAfterCheckout" time="123.733"/>
</testsuite> <!-- tests.CheckoutTest -->
