<?xml version="1.0" encoding="UTF-8"?>
<!-- Generated by org.testng.reporters.JUnitReportReporter -->
<testsuite hostname="DESKTOP-O4TT44T" failures="0" tests="4" name="tests.HomePageTest" time="82.691" errors="0" timestamp="2025-09-09T11:46:05 IST" skipped="0">
  <testcase classname="tests.HomePageTest" name="verifyHomePageTitle" time="2.871"/>
  <testcase classname="tests.HomePageTest" name="verifyLoginLinkClickable" time="36.736"/>
  <testcase classname="tests.HomePageTest" name="verifySearchWorks" time="12.204"/>
  <testcase classname="tests.HomePageTest" name="verifyTwitterLink" time="30.880"/>
</testsuite> <!-- tests.HomePageTest -->
