<?xml version="1.0" encoding="UTF-8"?>
<!-- Generated by org.testng.reporters.JUnitReportReporter -->
<testsuite hostname="DESKTOP-O4TT44T" failures="0" tests="2" name="tests.RegisterTest" time="180.213" errors="0" timestamp="2025-09-07T18:41:36 IST" skipped="0">
  <testcase classname="tests.RegisterTest" name="validRegistrationTest" time="88.233"/>
  <testcase classname="tests.RegisterTest" name="registrationWithMismatchedPasswordsTest" time="91.980"/>
</testsuite> <!-- tests.RegisterTest -->
